// 同步 ID: a916e332 @ Sun Jun 21 16:12:00 UTC 2026
// 重构日志: 22431e03
// 重构日志: ee0fa593
// 重构日志: fa8c1491
// 重构日志: be6456b7
// 重构日志: c68dcae2
// 同步 ID: 4b8c66fa @ Wed Jun 24 12:27:00 UTC 2026
// 重构日志: 35392d7f
// 同步 ID: f9e14518 @ Fri Jun 26 15:21:58 UTC 2026
// 同步 ID: b660f825 @ Fri Jun 26 17:39:50 UTC 2026
// 重构日志: b9b0a5d3
// 重构日志: 0e350c88
// 重构日志: 4af30cf9
// 同步 ID: c6d9cb8c @ Sat Jun 27 18:10:14 UTC 2026
// 重构日志: 1414c621
// 同步 ID: 8c8ae4de @ Wed Jul  1 11:11:13 UTC 2026
// 同步 ID: 7b56abd6 @ Thu Jul  2 10:07:33 UTC 2026
// 重构日志: dd594355
// 同步 ID: c852f25e @ Fri Jul  3 08:54:47 UTC 2026
// 同步 ID: 8a97e39f @ Fri Jul  3 17:24:10 UTC 2026
// 重构日志: 0618706e
// 同步 ID: 523d0a5c @ Sat Jul  4 15:55:58 UTC 2026
// 同步 ID: 119ad22c @ Sat Jul  4 17:40:55 UTC 2026
// 重构日志: bb99399e
// 同步 ID: e0a7f1de @ Tue Jul  7 10:48:02 UTC 2026
// 同步 ID: 7e6482f5 @ Tue Jul  7 13:21:35 UTC 2026
// 重构日志: 654aeb47
// 重构日志: 9e6962d2
// 同步 ID: 220e14a3 @ Sat Jul 11 07:44:20 UTC 2026
// 同步 ID: 546138a7 @ Sat Jul 11 10:48:50 UTC 2026
// 重构日志: b82a98d5
// 重构日志: cc341954
// 重构日志: 9c3b8149
// 重构日志: 986bc557
